<?xml version="1.0" encoding="UTF-8"?>
<testsuite xmlns:xsi="http://www.w3.org/2001/XMLSchema-instance" xsi:noNamespaceSchemaLocation="https://maven.apache.org/surefire/maven-surefire-plugin/xsd/surefire-test-report.xsd" name="com.manager_dormitory.ManagerDormitoryApplicationTests" time="17.73" tests="1" errors="0" skipped="0" failures="0">
  <properties>
    <property name="gopherProxySet" value="false"/>
    <property name="awt.toolkit" value="sun.lwawt.macosx.LWCToolkit"/>
    <property name="file.encoding.pkg" value="sun.io"/>
    <property name="java.specification.version" value="1.8"/>
    <property name="sun.cpu.isalist" value=""/>
    <property name="sun.jnu.encoding" value="UTF-8"/>
    <property name="java.class.path" value="/Users/lucnv1/Working/DomManager/target/test-classes:/Users/lucnv1/Working/DomManager/target/classes:/Users/lucnv1/.m2/repository/org/springframework/boot/spring-boot-starter-data-jpa/2.5.0-SNAPSHOT/spring-boot-starter-data-jpa-2.5.0-SNAPSHOT.jar:/Users/lucnv1/.m2/repository/org/springframework/boot/spring-boot-starter-aop/2.5.0-SNAPSHOT/spring-boot-starter-aop-2.5.0-SNAPSHOT.jar:/Users/lucnv1/.m2/repository/org/aspectj/aspectjweaver/1.9.6/aspectjweaver-1.9.6.jar:/Users/lucnv1/.m2/repository/org/springframework/boot/spring-boot-starter-jdbc/2.5.0-SNAPSHOT/spring-boot-starter-jdbc-2.5.0-SNAPSHOT.jar:/Users/lucnv1/.m2/repository/com/zaxxer/HikariCP/3.4.5/HikariCP-3.4.5.jar:/Users/lucnv1/.m2/repository/org/springframework/spring-jdbc/5.3.2/spring-jdbc-5.3.2.jar:/Users/lucnv1/.m2/repository/jakarta/transaction/jakarta.transaction-api/1.3.3/jakarta.transaction-api-1.3.3.jar:/Users/lucnv1/.m2/repository/jakarta/persistence/jakarta.persistence-api/2.2.3/jakarta.persistence-api-2.2.3.jar:/Users/lucnv1/.m2/repository/org/hibernate/hibernate-core/5.4.25.Final/hibernate-core-5.4.25.Final.jar:/Users/lucnv1/.m2/repository/org/jboss/logging/jboss-logging/3.4.1.Final/jboss-logging-3.4.1.Final.jar:/Users/lucnv1/.m2/repository/org/javassist/javassist/3.27.0-GA/javassist-3.27.0-GA.jar:/Users/lucnv1/.m2/repository/net/bytebuddy/byte-buddy/1.10.18/byte-buddy-1.10.18.jar:/Users/lucnv1/.m2/repository/antlr/antlr/2.7.7/antlr-2.7.7.jar:/Users/lucnv1/.m2/repository/org/jboss/jandex/2.1.3.Final/jandex-2.1.3.Final.jar:/Users/lucnv1/.m2/repository/com/fasterxml/classmate/1.5.1/classmate-1.5.1.jar:/Users/lucnv1/.m2/repository/org/dom4j/dom4j/2.1.3/dom4j-2.1.3.jar:/Users/lucnv1/.m2/repository/org/hibernate/common/hibernate-commons-annotations/5.1.2.Final/hibernate-commons-annotations-5.1.2.Final.jar:/Users/lucnv1/.m2/repository/org/glassfish/jaxb/jaxb-runtime/2.3.3/jaxb-runtime-2.3.3.jar:/Users/lucnv1/.m2/repository/org/glassfish/jaxb/txw2/2.3.3/txw2-2.3.3.jar:/Users/lucnv1/.m2/repository/com/sun/istack/istack-commons-runtime/3.0.11/istack-commons-runtime-3.0.11.jar:/Users/lucnv1/.m2/repository/com/sun/activation/jakarta.activation/1.2.2/jakarta.activation-1.2.2.jar:/Users/lucnv1/.m2/repository/org/springframework/data/spring-data-jpa/2.4.2/spring-data-jpa-2.4.2.jar:/Users/lucnv1/.m2/repository/org/springframework/data/spring-data-commons/2.4.2/spring-data-commons-2.4.2.jar:/Users/lucnv1/.m2/repository/org/springframework/spring-orm/5.3.2/spring-orm-5.3.2.jar:/Users/lucnv1/.m2/repository/org/springframework/spring-context/5.3.2/spring-context-5.3.2.jar:/Users/lucnv1/.m2/repository/org/springframework/spring-tx/5.3.2/spring-tx-5.3.2.jar:/Users/lucnv1/.m2/repository/org/springframework/spring-beans/5.3.2/spring-beans-5.3.2.jar:/Users/lucnv1/.m2/repository/org/slf4j/slf4j-api/1.7.30/slf4j-api-1.7.30.jar:/Users/lucnv1/.m2/repository/org/springframework/spring-aspects/5.3.2/spring-aspects-5.3.2.jar:/Users/lucnv1/.m2/repository/org/springframework/boot/spring-boot-starter-thymeleaf/2.5.0-SNAPSHOT/spring-boot-starter-thymeleaf-2.5.0-SNAPSHOT.jar:/Users/lucnv1/.m2/repository/org/springframework/boot/spring-boot-starter/2.5.0-SNAPSHOT/spring-boot-starter-2.5.0-SNAPSHOT.jar:/Users/lucnv1/.m2/repository/org/springframework/boot/spring-boot-starter-logging/2.5.0-SNAPSHOT/spring-boot-starter-logging-2.5.0-SNAPSHOT.jar:/Users/lucnv1/.m2/repository/ch/qos/logback/logback-classic/1.2.3/logback-classic-1.2.3.jar:/Users/lucnv1/.m2/repository/ch/qos/logback/logback-core/1.2.3/logback-core-1.2.3.jar:/Users/lucnv1/.m2/repository/org/apache/logging/log4j/log4j-to-slf4j/2.13.3/log4j-to-slf4j-2.13.3.jar:/Users/lucnv1/.m2/repository/org/apache/logging/log4j/log4j-api/2.13.3/log4j-api-2.13.3.jar:/Users/lucnv1/.m2/repository/org/slf4j/jul-to-slf4j/1.7.30/jul-to-slf4j-1.7.30.jar:/Users/lucnv1/.m2/repository/org/yaml/snakeyaml/1.27/snakeyaml-1.27.jar:/Users/lucnv1/.m2/repository/org/thymeleaf/thymeleaf-spring5/3.0.12.RELEASE/thymeleaf-spring5-3.0.12.RELEASE.jar:/Users/lucnv1/.m2/repository/org/thymeleaf/thymeleaf/3.0.12.RELEASE/thymeleaf-3.0.12.RELEASE.jar:/Users/lucnv1/.m2/repository/org/attoparser/attoparser/2.0.5.RELEASE/attoparser-2.0.5.RELEASE.jar:/Users/lucnv1/.m2/repository/org/unbescape/unbescape/1.1.6.RELEASE/unbescape-1.1.6.RELEASE.jar:/Users/lucnv1/.m2/repository/org/thymeleaf/extras/thymeleaf-extras-java8time/3.0.4.RELEASE/thymeleaf-extras-java8time-3.0.4.RELEASE.jar:/Users/lucnv1/.m2/repository/org/springframework/boot/spring-boot-starter-validation/2.5.0-SNAPSHOT/spring-boot-starter-validation-2.5.0-SNAPSHOT.jar:/Users/lucnv1/.m2/repository/org/glassfish/jakarta.el/3.0.3/jakarta.el-3.0.3.jar:/Users/lucnv1/.m2/repository/org/hibernate/validator/hibernate-validator/6.1.6.Final/hibernate-validator-6.1.6.Final.jar:/Users/lucnv1/.m2/repository/jakarta/validation/jakarta.validation-api/2.0.2/jakarta.validation-api-2.0.2.jar:/Users/lucnv1/.m2/repository/org/springframework/boot/spring-boot-starter-web/2.5.0-SNAPSHOT/spring-boot-starter-web-2.5.0-SNAPSHOT.jar:/Users/lucnv1/.m2/repository/org/springframework/boot/spring-boot-starter-json/2.5.0-SNAPSHOT/spring-boot-starter-json-2.5.0-SNAPSHOT.jar:/Users/lucnv1/.m2/repository/com/fasterxml/jackson/core/jackson-databind/2.12.0/jackson-databind-2.12.0.jar:/Users/lucnv1/.m2/repository/com/fasterxml/jackson/core/jackson-annotations/2.12.0/jackson-annotations-2.12.0.jar:/Users/lucnv1/.m2/repository/com/fasterxml/jackson/datatype/jackson-datatype-jdk8/2.12.0/jackson-datatype-jdk8-2.12.0.jar:/Users/lucnv1/.m2/repository/com/fasterxml/jackson/datatype/jackson-datatype-jsr310/2.12.0/jackson-datatype-jsr310-2.12.0.jar:/Users/lucnv1/.m2/repository/com/fasterxml/jackson/module/jackson-module-parameter-names/2.12.0/jackson-module-parameter-names-2.12.0.jar:/Users/lucnv1/.m2/repository/org/springframework/spring-web/5.3.2/spring-web-5.3.2.jar:/Users/lucnv1/.m2/repository/org/springframework/spring-webmvc/5.3.2/spring-webmvc-5.3.2.jar:/Users/lucnv1/.m2/repository/org/springframework/spring-expression/5.3.2/spring-expression-5.3.2.jar:/Users/lucnv1/.m2/repository/org/springframework/boot/spring-boot-devtools/2.5.0-SNAPSHOT/spring-boot-devtools-2.5.0-SNAPSHOT.jar:/Users/lucnv1/.m2/repository/org/springframework/boot/spring-boot/2.5.0-SNAPSHOT/spring-boot-2.5.0-SNAPSHOT.jar:/Users/lucnv1/.m2/repository/org/springframework/boot/spring-boot-autoconfigure/2.5.0-SNAPSHOT/spring-boot-autoconfigure-2.5.0-SNAPSHOT.jar:/Users/lucnv1/.m2/repository/org/springframework/boot/spring-boot-starter-tomcat/2.5.0-SNAPSHOT/spring-boot-starter-tomcat-2.5.0-SNAPSHOT.jar:/Users/lucnv1/.m2/repository/jakarta/annotation/jakarta.annotation-api/1.3.5/jakarta.annotation-api-1.3.5.jar:/Users/lucnv1/.m2/repository/org/apache/tomcat/embed/tomcat-embed-core/9.0.41/tomcat-embed-core-9.0.41.jar:/Users/lucnv1/.m2/repository/org/apache/tomcat/embed/tomcat-embed-websocket/9.0.41/tomcat-embed-websocket-9.0.41.jar:/Users/lucnv1/.m2/repository/org/springframework/boot/spring-boot-starter-test/2.5.0-SNAPSHOT/spring-boot-starter-test-2.5.0-SNAPSHOT.jar:/Users/lucnv1/.m2/repository/org/springframework/boot/spring-boot-test/2.5.0-SNAPSHOT/spring-boot-test-2.5.0-SNAPSHOT.jar:/Users/lucnv1/.m2/repository/org/springframework/boot/spring-boot-test-autoconfigure/2.5.0-SNAPSHOT/spring-boot-test-autoconfigure-2.5.0-SNAPSHOT.jar:/Users/lucnv1/.m2/repository/com/jayway/jsonpath/json-path/2.4.0/json-path-2.4.0.jar:/Users/lucnv1/.m2/repository/net/minidev/json-smart/2.3/json-smart-2.3.jar:/Users/lucnv1/.m2/repository/net/minidev/accessors-smart/1.2/accessors-smart-1.2.jar:/Users/lucnv1/.m2/repository/org/ow2/asm/asm/5.0.4/asm-5.0.4.jar:/Users/lucnv1/.m2/repository/org/assertj/assertj-core/3.18.1/assertj-core-3.18.1.jar:/Users/lucnv1/.m2/repository/org/hamcrest/hamcrest/2.2/hamcrest-2.2.jar:/Users/lucnv1/.m2/repository/org/junit/jupiter/junit-jupiter/5.7.0/junit-jupiter-5.7.0.jar:/Users/lucnv1/.m2/repository/org/junit/jupiter/junit-jupiter-api/5.7.0/junit-jupiter-api-5.7.0.jar:/Users/lucnv1/.m2/repository/org/apiguardian/apiguardian-api/1.1.0/apiguardian-api-1.1.0.jar:/Users/lucnv1/.m2/repository/org/opentest4j/opentest4j/1.2.0/opentest4j-1.2.0.jar:/Users/lucnv1/.m2/repository/org/junit/platform/junit-platform-commons/1.7.0/junit-platform-commons-1.7.0.jar:/Users/lucnv1/.m2/repository/org/junit/jupiter/junit-jupiter-params/5.7.0/junit-jupiter-params-5.7.0.jar:/Users/lucnv1/.m2/repository/org/junit/jupiter/junit-jupiter-engine/5.7.0/junit-jupiter-engine-5.7.0.jar:/Users/lucnv1/.m2/repository/org/junit/platform/junit-platform-engine/1.7.0/junit-platform-engine-1.7.0.jar:/Users/lucnv1/.m2/repository/org/mockito/mockito-core/3.6.28/mockito-core-3.6.28.jar:/Users/lucnv1/.m2/repository/net/bytebuddy/byte-buddy-agent/1.10.18/byte-buddy-agent-1.10.18.jar:/Users/lucnv1/.m2/repository/org/objenesis/objenesis/3.1/objenesis-3.1.jar:/Users/lucnv1/.m2/repository/org/mockito/mockito-junit-jupiter/3.6.28/mockito-junit-jupiter-3.6.28.jar:/Users/lucnv1/.m2/repository/org/skyscreamer/jsonassert/1.5.0/jsonassert-1.5.0.jar:/Users/lucnv1/.m2/repository/com/vaadin/external/google/android-json/0.0.20131108.vaadin1/android-json-0.0.20131108.vaadin1.jar:/Users/lucnv1/.m2/repository/org/springframework/spring-core/5.3.2/spring-core-5.3.2.jar:/Users/lucnv1/.m2/repository/org/springframework/spring-jcl/5.3.2/spring-jcl-5.3.2.jar:/Users/lucnv1/.m2/repository/org/springframework/spring-test/5.3.2/spring-test-5.3.2.jar:/Users/lucnv1/.m2/repository/org/xmlunit/xmlunit-core/2.7.0/xmlunit-core-2.7.0.jar:/Users/lucnv1/.m2/repository/mysql/mysql-connector-java/8.0.22/mysql-connector-java-8.0.22.jar:/Users/lucnv1/.m2/repository/org/springframework/boot/spring-boot-starter-security/2.5.0-SNAPSHOT/spring-boot-starter-security-2.5.0-SNAPSHOT.jar:/Users/lucnv1/.m2/repository/org/springframework/spring-aop/5.3.2/spring-aop-5.3.2.jar:/Users/lucnv1/.m2/repository/org/springframework/security/spring-security-config/5.4.2/spring-security-config-5.4.2.jar:/Users/lucnv1/.m2/repository/org/springframework/security/spring-security-core/5.4.2/spring-security-core-5.4.2.jar:/Users/lucnv1/.m2/repository/org/springframework/security/spring-security-web/5.4.2/spring-security-web-5.4.2.jar:/Users/lucnv1/.m2/repository/com/nimbusds/nimbus-jose-jwt/9.1.3/nimbus-jose-jwt-9.1.3.jar:/Users/lucnv1/.m2/repository/com/github/stephenc/jcip/jcip-annotations/1.0-1/jcip-annotations-1.0-1.jar:/Users/lucnv1/.m2/repository/org/springdoc/springdoc-openapi-ui/1.4.8/springdoc-openapi-ui-1.4.8.jar:/Users/lucnv1/.m2/repository/org/springdoc/springdoc-openapi-webmvc-core/1.4.8/springdoc-openapi-webmvc-core-1.4.8.jar:/Users/lucnv1/.m2/repository/org/springdoc/springdoc-openapi-common/1.4.8/springdoc-openapi-common-1.4.8.jar:/Users/lucnv1/.m2/repository/io/swagger/core/v3/swagger-models/2.1.4/swagger-models-2.1.4.jar:/Users/lucnv1/.m2/repository/io/swagger/core/v3/swagger-annotations/2.1.4/swagger-annotations-2.1.4.jar:/Users/lucnv1/.m2/repository/io/swagger/core/v3/swagger-integration/2.1.4/swagger-integration-2.1.4.jar:/Users/lucnv1/.m2/repository/io/swagger/core/v3/swagger-core/2.1.4/swagger-core-2.1.4.jar:/Users/lucnv1/.m2/repository/com/fasterxml/jackson/dataformat/jackson-dataformat-yaml/2.12.0/jackson-dataformat-yaml-2.12.0.jar:/Users/lucnv1/.m2/repository/io/github/classgraph/classgraph/4.8.69/classgraph-4.8.69.jar:/Users/lucnv1/.m2/repository/org/apache/commons/commons-lang3/3.11/commons-lang3-3.11.jar:/Users/lucnv1/.m2/repository/org/webjars/swagger-ui/3.34.0/swagger-ui-3.34.0.jar:/Users/lucnv1/.m2/repository/org/webjars/webjars-locator-core/0.46/webjars-locator-core-0.46.jar:/Users/lucnv1/.m2/repository/com/fasterxml/jackson/core/jackson-core/2.12.0/jackson-core-2.12.0.jar:/Users/lucnv1/.m2/repository/org/mapstruct/mapstruct/1.3.1.Final/mapstruct-1.3.1.Final.jar:/Users/lucnv1/.m2/repository/jakarta/xml/bind/jakarta.xml.bind-api/2.3.3/jakarta.xml.bind-api-2.3.3.jar:/Users/lucnv1/.m2/repository/jakarta/activation/jakarta.activation-api/1.2.2/jakarta.activation-api-1.2.2.jar:/Users/lucnv1/.m2/repository/com/google/code/gson/gson/2.8.6/gson-2.8.6.jar:/Users/lucnv1/.m2/repository/org/projectlombok/lombok/1.18.16/lombok-1.18.16.jar:"/>
    <property name="java.vm.vendor" value="Oracle Corporation"/>
    <property name="sun.arch.data.model" value="64"/>
    <property name="java.vendor.url" value="http://java.oracle.com/"/>
    <property name="user.timezone" value=""/>
    <property name="java.vm.specification.version" value="1.8"/>
    <property name="os.name" value="Mac OS X"/>
    <property name="user.country" value="VN"/>
    <property name="sun.java.launcher" value="SUN_STANDARD"/>
    <property name="sun.boot.library.path" value="/Library/Internet Plug-Ins/JavaAppletPlugin.plugin/Contents/Home/lib"/>
    <property name="sun.java.command" value="/Users/lucnv1/Working/DomManager/target/surefire/surefirebooter3167539218819710882.jar /Users/lucnv1/Working/DomManager/target/surefire 2021-01-09T14-07-17_140-jvmRun1 surefire6328876752040233922tmp surefire_05668727369332885578tmp"/>
    <property name="http.nonProxyHosts" value="local|*.local|169.254/16|*.169.254/16"/>
    <property name="surefire.test.class.path" value="/Users/lucnv1/Working/DomManager/target/test-classes:/Users/lucnv1/Working/DomManager/target/classes:/Users/lucnv1/.m2/repository/org/springframework/boot/spring-boot-starter-data-jpa/2.5.0-SNAPSHOT/spring-boot-starter-data-jpa-2.5.0-SNAPSHOT.jar:/Users/lucnv1/.m2/repository/org/springframework/boot/spring-boot-starter-aop/2.5.0-SNAPSHOT/spring-boot-starter-aop-2.5.0-SNAPSHOT.jar:/Users/lucnv1/.m2/repository/org/aspectj/aspectjweaver/1.9.6/aspectjweaver-1.9.6.jar:/Users/lucnv1/.m2/repository/org/springframework/boot/spring-boot-starter-jdbc/2.5.0-SNAPSHOT/spring-boot-starter-jdbc-2.5.0-SNAPSHOT.jar:/Users/lucnv1/.m2/repository/com/zaxxer/HikariCP/3.4.5/HikariCP-3.4.5.jar:/Users/lucnv1/.m2/repository/org/springframework/spring-jdbc/5.3.2/spring-jdbc-5.3.2.jar:/Users/lucnv1/.m2/repository/jakarta/transaction/jakarta.transaction-api/1.3.3/jakarta.transaction-api-1.3.3.jar:/Users/lucnv1/.m2/repository/jakarta/persistence/jakarta.persistence-api/2.2.3/jakarta.persistence-api-2.2.3.jar:/Users/lucnv1/.m2/repository/org/hibernate/hibernate-core/5.4.25.Final/hibernate-core-5.4.25.Final.jar:/Users/lucnv1/.m2/repository/org/jboss/logging/jboss-logging/3.4.1.Final/jboss-logging-3.4.1.Final.jar:/Users/lucnv1/.m2/repository/org/javassist/javassist/3.27.0-GA/javassist-3.27.0-GA.jar:/Users/lucnv1/.m2/repository/net/bytebuddy/byte-buddy/1.10.18/byte-buddy-1.10.18.jar:/Users/lucnv1/.m2/repository/antlr/antlr/2.7.7/antlr-2.7.7.jar:/Users/lucnv1/.m2/repository/org/jboss/jandex/2.1.3.Final/jandex-2.1.3.Final.jar:/Users/lucnv1/.m2/repository/com/fasterxml/classmate/1.5.1/classmate-1.5.1.jar:/Users/lucnv1/.m2/repository/org/dom4j/dom4j/2.1.3/dom4j-2.1.3.jar:/Users/lucnv1/.m2/repository/org/hibernate/common/hibernate-commons-annotations/5.1.2.Final/hibernate-commons-annotations-5.1.2.Final.jar:/Users/lucnv1/.m2/repository/org/glassfish/jaxb/jaxb-runtime/2.3.3/jaxb-runtime-2.3.3.jar:/Users/lucnv1/.m2/repository/org/glassfish/jaxb/txw2/2.3.3/txw2-2.3.3.jar:/Users/lucnv1/.m2/repository/com/sun/istack/istack-commons-runtime/3.0.11/istack-commons-runtime-3.0.11.jar:/Users/lucnv1/.m2/repository/com/sun/activation/jakarta.activation/1.2.2/jakarta.activation-1.2.2.jar:/Users/lucnv1/.m2/repository/org/springframework/data/spring-data-jpa/2.4.2/spring-data-jpa-2.4.2.jar:/Users/lucnv1/.m2/repository/org/springframework/data/spring-data-commons/2.4.2/spring-data-commons-2.4.2.jar:/Users/lucnv1/.m2/repository/org/springframework/spring-orm/5.3.2/spring-orm-5.3.2.jar:/Users/lucnv1/.m2/repository/org/springframework/spring-context/5.3.2/spring-context-5.3.2.jar:/Users/lucnv1/.m2/repository/org/springframework/spring-tx/5.3.2/spring-tx-5.3.2.jar:/Users/lucnv1/.m2/repository/org/springframework/spring-beans/5.3.2/spring-beans-5.3.2.jar:/Users/lucnv1/.m2/repository/org/slf4j/slf4j-api/1.7.30/slf4j-api-1.7.30.jar:/Users/lucnv1/.m2/repository/org/springframework/spring-aspects/5.3.2/spring-aspects-5.3.2.jar:/Users/lucnv1/.m2/repository/org/springframework/boot/spring-boot-starter-thymeleaf/2.5.0-SNAPSHOT/spring-boot-starter-thymeleaf-2.5.0-SNAPSHOT.jar:/Users/lucnv1/.m2/repository/org/springframework/boot/spring-boot-starter/2.5.0-SNAPSHOT/spring-boot-starter-2.5.0-SNAPSHOT.jar:/Users/lucnv1/.m2/repository/org/springframework/boot/spring-boot-starter-logging/2.5.0-SNAPSHOT/spring-boot-starter-logging-2.5.0-SNAPSHOT.jar:/Users/lucnv1/.m2/repository/ch/qos/logback/logback-classic/1.2.3/logback-classic-1.2.3.jar:/Users/lucnv1/.m2/repository/ch/qos/logback/logback-core/1.2.3/logback-core-1.2.3.jar:/Users/lucnv1/.m2/repository/org/apache/logging/log4j/log4j-to-slf4j/2.13.3/log4j-to-slf4j-2.13.3.jar:/Users/lucnv1/.m2/repository/org/apache/logging/log4j/log4j-api/2.13.3/log4j-api-2.13.3.jar:/Users/lucnv1/.m2/repository/org/slf4j/jul-to-slf4j/1.7.30/jul-to-slf4j-1.7.30.jar:/Users/lucnv1/.m2/repository/org/yaml/snakeyaml/1.27/snakeyaml-1.27.jar:/Users/lucnv1/.m2/repository/org/thymeleaf/thymeleaf-spring5/3.0.12.RELEASE/thymeleaf-spring5-3.0.12.RELEASE.jar:/Users/lucnv1/.m2/repository/org/thymeleaf/thymeleaf/3.0.12.RELEASE/thymeleaf-3.0.12.RELEASE.jar:/Users/lucnv1/.m2/repository/org/attoparser/attoparser/2.0.5.RELEASE/attoparser-2.0.5.RELEASE.jar:/Users/lucnv1/.m2/repository/org/unbescape/unbescape/1.1.6.RELEASE/unbescape-1.1.6.RELEASE.jar:/Users/lucnv1/.m2/repository/org/thymeleaf/extras/thymeleaf-extras-java8time/3.0.4.RELEASE/thymeleaf-extras-java8time-3.0.4.RELEASE.jar:/Users/lucnv1/.m2/repository/org/springframework/boot/spring-boot-starter-validation/2.5.0-SNAPSHOT/spring-boot-starter-validation-2.5.0-SNAPSHOT.jar:/Users/lucnv1/.m2/repository/org/glassfish/jakarta.el/3.0.3/jakarta.el-3.0.3.jar:/Users/lucnv1/.m2/repository/org/hibernate/validator/hibernate-validator/6.1.6.Final/hibernate-validator-6.1.6.Final.jar:/Users/lucnv1/.m2/repository/jakarta/validation/jakarta.validation-api/2.0.2/jakarta.validation-api-2.0.2.jar:/Users/lucnv1/.m2/repository/org/springframework/boot/spring-boot-starter-web/2.5.0-SNAPSHOT/spring-boot-starter-web-2.5.0-SNAPSHOT.jar:/Users/lucnv1/.m2/repository/org/springframework/boot/spring-boot-starter-json/2.5.0-SNAPSHOT/spring-boot-starter-json-2.5.0-SNAPSHOT.jar:/Users/lucnv1/.m2/repository/com/fasterxml/jackson/core/jackson-databind/2.12.0/jackson-databind-2.12.0.jar:/Users/lucnv1/.m2/repository/com/fasterxml/jackson/core/jackson-annotations/2.12.0/jackson-annotations-2.12.0.jar:/Users/lucnv1/.m2/repository/com/fasterxml/jackson/datatype/jackson-datatype-jdk8/2.12.0/jackson-datatype-jdk8-2.12.0.jar:/Users/lucnv1/.m2/repository/com/fasterxml/jackson/datatype/jackson-datatype-jsr310/2.12.0/jackson-datatype-jsr310-2.12.0.jar:/Users/lucnv1/.m2/repository/com/fasterxml/jackson/module/jackson-module-parameter-names/2.12.0/jackson-module-parameter-names-2.12.0.jar:/Users/lucnv1/.m2/repository/org/springframework/spring-web/5.3.2/spring-web-5.3.2.jar:/Users/lucnv1/.m2/repository/org/springframework/spring-webmvc/5.3.2/spring-webmvc-5.3.2.jar:/Users/lucnv1/.m2/repository/org/springframework/spring-expression/5.3.2/spring-expression-5.3.2.jar:/Users/lucnv1/.m2/repository/org/springframework/boot/spring-boot-devtools/2.5.0-SNAPSHOT/spring-boot-devtools-2.5.0-SNAPSHOT.jar:/Users/lucnv1/.m2/repository/org/springframework/boot/spring-boot/2.5.0-SNAPSHOT/spring-boot-2.5.0-SNAPSHOT.jar:/Users/lucnv1/.m2/repository/org/springframework/boot/spring-boot-autoconfigure/2.5.0-SNAPSHOT/spring-boot-autoconfigure-2.5.0-SNAPSHOT.jar:/Users/lucnv1/.m2/repository/org/springframework/boot/spring-boot-starter-tomcat/2.5.0-SNAPSHOT/spring-boot-starter-tomcat-2.5.0-SNAPSHOT.jar:/Users/lucnv1/.m2/repository/jakarta/annotation/jakarta.annotation-api/1.3.5/jakarta.annotation-api-1.3.5.jar:/Users/lucnv1/.m2/repository/org/apache/tomcat/embed/tomcat-embed-core/9.0.41/tomcat-embed-core-9.0.41.jar:/Users/lucnv1/.m2/repository/org/apache/tomcat/embed/tomcat-embed-websocket/9.0.41/tomcat-embed-websocket-9.0.41.jar:/Users/lucnv1/.m2/repository/org/springframework/boot/spring-boot-starter-test/2.5.0-SNAPSHOT/spring-boot-starter-test-2.5.0-SNAPSHOT.jar:/Users/lucnv1/.m2/repository/org/springframework/boot/spring-boot-test/2.5.0-SNAPSHOT/spring-boot-test-2.5.0-SNAPSHOT.jar:/Users/lucnv1/.m2/repository/org/springframework/boot/spring-boot-test-autoconfigure/2.5.0-SNAPSHOT/spring-boot-test-autoconfigure-2.5.0-SNAPSHOT.jar:/Users/lucnv1/.m2/repository/com/jayway/jsonpath/json-path/2.4.0/json-path-2.4.0.jar:/Users/lucnv1/.m2/repository/net/minidev/json-smart/2.3/json-smart-2.3.jar:/Users/lucnv1/.m2/repository/net/minidev/accessors-smart/1.2/accessors-smart-1.2.jar:/Users/lucnv1/.m2/repository/org/ow2/asm/asm/5.0.4/asm-5.0.4.jar:/Users/lucnv1/.m2/repository/org/assertj/assertj-core/3.18.1/assertj-core-3.18.1.jar:/Users/lucnv1/.m2/repository/org/hamcrest/hamcrest/2.2/hamcrest-2.2.jar:/Users/lucnv1/.m2/repository/org/junit/jupiter/junit-jupiter/5.7.0/junit-jupiter-5.7.0.jar:/Users/lucnv1/.m2/repository/org/junit/jupiter/junit-jupiter-api/5.7.0/junit-jupiter-api-5.7.0.jar:/Users/lucnv1/.m2/repository/org/apiguardian/apiguardian-api/1.1.0/apiguardian-api-1.1.0.jar:/Users/lucnv1/.m2/repository/org/opentest4j/opentest4j/1.2.0/opentest4j-1.2.0.jar:/Users/lucnv1/.m2/repository/org/junit/platform/junit-platform-commons/1.7.0/junit-platform-commons-1.7.0.jar:/Users/lucnv1/.m2/repository/org/junit/jupiter/junit-jupiter-params/5.7.0/junit-jupiter-params-5.7.0.jar:/Users/lucnv1/.m2/repository/org/junit/jupiter/junit-jupiter-engine/5.7.0/junit-jupiter-engine-5.7.0.jar:/Users/lucnv1/.m2/repository/org/junit/platform/junit-platform-engine/1.7.0/junit-platform-engine-1.7.0.jar:/Users/lucnv1/.m2/repository/org/mockito/mockito-core/3.6.28/mockito-core-3.6.28.jar:/Users/lucnv1/.m2/repository/net/bytebuddy/byte-buddy-agent/1.10.18/byte-buddy-agent-1.10.18.jar:/Users/lucnv1/.m2/repository/org/objenesis/objenesis/3.1/objenesis-3.1.jar:/Users/lucnv1/.m2/repository/org/mockito/mockito-junit-jupiter/3.6.28/mockito-junit-jupiter-3.6.28.jar:/Users/lucnv1/.m2/repository/org/skyscreamer/jsonassert/1.5.0/jsonassert-1.5.0.jar:/Users/lucnv1/.m2/repository/com/vaadin/external/google/android-json/0.0.20131108.vaadin1/android-json-0.0.20131108.vaadin1.jar:/Users/lucnv1/.m2/repository/org/springframework/spring-core/5.3.2/spring-core-5.3.2.jar:/Users/lucnv1/.m2/repository/org/springframework/spring-jcl/5.3.2/spring-jcl-5.3.2.jar:/Users/lucnv1/.m2/repository/org/springframework/spring-test/5.3.2/spring-test-5.3.2.jar:/Users/lucnv1/.m2/repository/org/xmlunit/xmlunit-core/2.7.0/xmlunit-core-2.7.0.jar:/Users/lucnv1/.m2/repository/mysql/mysql-connector-java/8.0.22/mysql-connector-java-8.0.22.jar:/Users/lucnv1/.m2/repository/org/springframework/boot/spring-boot-starter-security/2.5.0-SNAPSHOT/spring-boot-starter-security-2.5.0-SNAPSHOT.jar:/Users/lucnv1/.m2/repository/org/springframework/spring-aop/5.3.2/spring-aop-5.3.2.jar:/Users/lucnv1/.m2/repository/org/springframework/security/spring-security-config/5.4.2/spring-security-config-5.4.2.jar:/Users/lucnv1/.m2/repository/org/springframework/security/spring-security-core/5.4.2/spring-security-core-5.4.2.jar:/Users/lucnv1/.m2/repository/org/springframework/security/spring-security-web/5.4.2/spring-security-web-5.4.2.jar:/Users/lucnv1/.m2/repository/com/nimbusds/nimbus-jose-jwt/9.1.3/nimbus-jose-jwt-9.1.3.jar:/Users/lucnv1/.m2/repository/com/github/stephenc/jcip/jcip-annotations/1.0-1/jcip-annotations-1.0-1.jar:/Users/lucnv1/.m2/repository/org/springdoc/springdoc-openapi-ui/1.4.8/springdoc-openapi-ui-1.4.8.jar:/Users/lucnv1/.m2/repository/org/springdoc/springdoc-openapi-webmvc-core/1.4.8/springdoc-openapi-webmvc-core-1.4.8.jar:/Users/lucnv1/.m2/repository/org/springdoc/springdoc-openapi-common/1.4.8/springdoc-openapi-common-1.4.8.jar:/Users/lucnv1/.m2/repository/io/swagger/core/v3/swagger-models/2.1.4/swagger-models-2.1.4.jar:/Users/lucnv1/.m2/repository/io/swagger/core/v3/swagger-annotations/2.1.4/swagger-annotations-2.1.4.jar:/Users/lucnv1/.m2/repository/io/swagger/core/v3/swagger-integration/2.1.4/swagger-integration-2.1.4.jar:/Users/lucnv1/.m2/repository/io/swagger/core/v3/swagger-core/2.1.4/swagger-core-2.1.4.jar:/Users/lucnv1/.m2/repository/com/fasterxml/jackson/dataformat/jackson-dataformat-yaml/2.12.0/jackson-dataformat-yaml-2.12.0.jar:/Users/lucnv1/.m2/repository/io/github/classgraph/classgraph/4.8.69/classgraph-4.8.69.jar:/Users/lucnv1/.m2/repository/org/apache/commons/commons-lang3/3.11/commons-lang3-3.11.jar:/Users/lucnv1/.m2/repository/org/webjars/swagger-ui/3.34.0/swagger-ui-3.34.0.jar:/Users/lucnv1/.m2/repository/org/webjars/webjars-locator-core/0.46/webjars-locator-core-0.46.jar:/Users/lucnv1/.m2/repository/com/fasterxml/jackson/core/jackson-core/2.12.0/jackson-core-2.12.0.jar:/Users/lucnv1/.m2/repository/org/mapstruct/mapstruct/1.3.1.Final/mapstruct-1.3.1.Final.jar:/Users/lucnv1/.m2/repository/jakarta/xml/bind/jakarta.xml.bind-api/2.3.3/jakarta.xml.bind-api-2.3.3.jar:/Users/lucnv1/.m2/repository/jakarta/activation/jakarta.activation-api/1.2.2/jakarta.activation-api-1.2.2.jar:/Users/lucnv1/.m2/repository/com/google/code/gson/gson/2.8.6/gson-2.8.6.jar:/Users/lucnv1/.m2/repository/org/projectlombok/lombok/1.18.16/lombok-1.18.16.jar:"/>
    <property name="sun.cpu.endian" value="little"/>
    <property name="user.home" value="/Users/lucnv1"/>
    <property name="user.language" value="en"/>
    <property name="java.specification.vendor" value="Oracle Corporation"/>
    <property name="java.home" value="/Library/Internet Plug-Ins/JavaAppletPlugin.plugin/Contents/Home"/>
    <property name="basedir" value="/Users/lucnv1/Working/DomManager"/>
    <property name="style.color" value="always"/>
    <property name="file.separator" value="/"/>
    <property name="line.separator" value="&#10;"/>
    <property name="java.vm.specification.vendor" value="Oracle Corporation"/>
    <property name="java.specification.name" value="Java Platform API Specification"/>
    <property name="java.awt.graphicsenv" value="sun.awt.CGraphicsEnvironment"/>
    <property name="surefire.real.class.path" value="/Users/lucnv1/Working/DomManager/target/surefire/surefirebooter3167539218819710882.jar"/>
    <property name="sun.boot.class.path" value="/Library/Internet Plug-Ins/JavaAppletPlugin.plugin/Contents/Home/lib/resources.jar:/Library/Internet Plug-Ins/JavaAppletPlugin.plugin/Contents/Home/lib/rt.jar:/Library/Internet Plug-Ins/JavaAppletPlugin.plugin/Contents/Home/lib/sunrsasign.jar:/Library/Internet Plug-Ins/JavaAppletPlugin.plugin/Contents/Home/lib/jsse.jar:/Library/Internet Plug-Ins/JavaAppletPlugin.plugin/Contents/Home/lib/jce.jar:/Library/Internet Plug-Ins/JavaAppletPlugin.plugin/Contents/Home/lib/charsets.jar:/Library/Internet Plug-Ins/JavaAppletPlugin.plugin/Contents/Home/lib/jfr.jar:/Library/Internet Plug-Ins/JavaAppletPlugin.plugin/Contents/Home/classes"/>
    <property name="sun.management.compiler" value="HotSpot 64-Bit Tiered Compilers"/>
    <property name="ftp.nonProxyHosts" value="local|*.local|169.254/16|*.169.254/16"/>
    <property name="java.runtime.version" value="1.8.0_271-b09"/>
    <property name="user.name" value="lucnv1"/>
    <property name="path.separator" value=":"/>
    <property name="os.version" value="10.16"/>
    <property name="java.endorsed.dirs" value="/Library/Internet Plug-Ins/JavaAppletPlugin.plugin/Contents/Home/lib/endorsed"/>
    <property name="java.runtime.name" value="Java(TM) SE Runtime Environment"/>
    <property name="file.encoding" value="UTF-8"/>
    <property name="java.vm.name" value="Java HotSpot(TM) 64-Bit Server VM"/>
    <property name="localRepository" value="/Users/lucnv1/.m2/repository"/>
    <property name="java.vendor.url.bug" value="http://bugreport.sun.com/bugreport/"/>
    <property name="java.io.tmpdir" value="/var/folders/17/6ptc32vd3cg2fqwdwmv9z6tc0000gn/T/"/>
    <property name="java.version" value="1.8.0_271"/>
    <property name="user.dir" value="/Users/lucnv1/Working/DomManager"/>
    <property name="os.arch" value="x86_64"/>
    <property name="java.vm.specification.name" value="Java Virtual Machine Specification"/>
    <property name="java.awt.printerjob" value="sun.lwawt.macosx.CPrinterJob"/>
    <property name="sun.os.patch.level" value="unknown"/>
    <property name="java.library.path" value="/Users/lucnv1/Library/Java/Extensions:/Library/Java/Extensions:/Network/Library/Java/Extensions:/System/Library/Java/Extensions:/usr/lib/java:."/>
    <property name="java.vm.info" value="mixed mode"/>
    <property name="java.vendor" value="Oracle Corporation"/>
    <property name="java.vm.version" value="25.271-b09"/>
    <property name="java.ext.dirs" value="/Users/lucnv1/Library/Java/Extensions:/Library/Internet Plug-Ins/JavaAppletPlugin.plugin/Contents/Home/lib/ext:/Library/Java/Extensions:/Network/Library/Java/Extensions:/System/Library/Java/Extensions:/usr/lib/java"/>
    <property name="sun.io.unicode.encoding" value="UnicodeBig"/>
    <property name="java.class.version" value="52.0"/>
    <property name="socksNonProxyHosts" value="local|*.local|169.254/16|*.169.254/16"/>
  </properties>
  <testcase name="contextLoads" classname="com.manager_dormitory.ManagerDormitoryApplicationTests" time="0.132"/>
</testsuite>